# JRE version: OpenJDK Runtime Environment 18.9 (11.0.12+7) (build 11.0.12+7-LTS)
# Java VM: OpenJDK 64-Bit Server VM 18.9 (11.0.12+7-LTS, mixed mode, sharing, tiered, compressed oops, serial gc, linux-amd64)
Heap:
 def new generation   total 20288K, used 0K [0x00000000f0a00000, 0x00000000f2000000, 0x00000000f5c00000)
  eden space 18048K,   0% used [0x00000000f0a00000, 0x00000000f0a00000, 0x00000000f1ba0000)
  from space 2240K,   0% used [0x00000000f1dd0000, 0x00000000f1dd0000, 0x00000000f2000000)
  to   space 2240K,   0% used [0x00000000f1ba0000, 0x00000000f1ba0000, 0x00000000f1dd0000)
 tenured generation   total 44948K, used 44562K [0x00000000f5c00000, 0x00000000f87e5000, 0x0000000100000000)
   the space 44948K,  99% used [0x00000000f5c00000, 0x00000000f8784990, 0x00000000f8784a00, 0x00000000f87e5000)
 Metaspace       used 51397K, capacity 52125K, committed 52268K, reserved 1095680K
  class space    used 5968K, capacity 6269K, committed 6272K, reserved 1048576K
GC Heap History (20 events):
Event: 5.922 GC heap after
{Heap after GC invocations=35 (full 3):
 def new generation   total 20288K, used 0K [0x00000000f0a00000, 0x00000000f2000000, 0x00000000f5c00000)
  eden space 18048K,   0% used [0x00000000f0a00000, 0x00000000f0a00000, 0x00000000f1ba0000)
  from space 2240K,   0% used [0x00000000f1ba0000, 0x00000000f1ba0000, 0x00000000f1dd0000)
  to   space 2240K,   0% used [0x00000000f1dd0000, 0x00000000f1dd0000, 0x00000000f2000000)
 tenured generation   total 44948K, used 26967K [0x00000000f5c00000, 0x00000000f87e5000, 0x0000000100000000)
   the space 44948K,  59% used [0x00000000f5c00000, 0x00000000f7655f20, 0x00000000f7656000, 0x00000000f87e5000)
 Metaspace       used 30189K, capacity 30809K, committed 31360K, reserved 1077248K
  class space    used 3689K, capacity 3888K, committed 3968K, reserved 1048576K
}
Event: 6.425 GC heap before
{Heap before GC invocations=35 (full 3):
 def new generation   total 20288K, used 18048K [0x00000000f0a00000, 0x00000000f2000000, 0x00000000f5c00000)
  eden space 18048K, 100% used [0x00000000f0a00000, 0x00000000f1ba0000, 0x00000000f1ba0000)
  from space 2240K,   0% used [0x00000000f1ba0000, 0x00000000f1ba0000, 0x00000000f1dd0000)
  to   space 2240K,   0% used [0x00000000f1dd0000, 0x00000000f1dd0000, 0x00000000f2000000)
 tenured generation   total 44948K, used 26967K [0x00000000f5c00000, 0x00000000f87e5000, 0x0000000100000000)
   the space 44948K,  59% used [0x00000000f5c00000, 0x00000000f7655f20, 0x00000000f7656000, 0x00000000f87e5000)
 Metaspace       used 33711K, capacity 34279K, committed 34816K, reserved 1079296K
  class space    used 4151K, capacity 4341K, committed 4352K, reserved 1048576K
}
Event: 6.431 GC heap after
{Heap after GC invocations=36 (full 3):
 def new generation   total 20288K, used 1960K [0x00000000f0a00000, 0x00000000f2000000, 0x00000000f5c00000)
  eden space 18048K,   0% used [0x00000000f0a00000, 0x00000000f0a00000, 0x00000000f1ba0000)
  from space 2240K,  87% used [0x00000000f1dd0000, 0x00000000f1fba278, 0x00000000f2000000)
  to   space 2240K,   0% used [0x00000000f1ba0000, 0x00000000f1ba0000, 0x00000000f1dd0000)
 tenured generation   total 44948K, used 26967K [0x00000000f5c00000, 0x00000000f87e5000, 0x0000000100000000)
   the space 44948K,  59% used [0x00000000f5c00000, 0x00000000f7655f20, 0x00000000f7656000, 0x00000000f87e5000)
 Metaspace       used 33711K, capacity 34279K, committed 34816K, reserved 1079296K
  class space    used 4151K, capacity 4341K, committed 4352K, reserved 1048576K
}
Event: 7.408 GC heap before
{Heap before GC invocations=36 (full 3):
 def new generation   total 20288K, used 20008K [0x00000000f0a00000, 0x00000000f2000000, 0x00000000f5c00000)
  eden space 18048K, 100% used [0x00000000f0a00000, 0x00000000f1ba0000, 0x00000000f1ba0000)
  from space 2240K,  87% used [0x00000000f1dd0000, 0x00000000f1fba278, 0x00000000f2000000)
  to   space 2240K,   0% used [0x00000000f1ba0000, 0x00000000f1ba0000, 0x00000000f1dd0000)
 tenured generation   total 44948K, used 26967K [0x00000000f5c00000, 0x00000000f87e5000, 0x0000000100000000)
   the space 44948K,  59% used [0x00000000f5c00000, 0x00000000f7655f20, 0x00000000f7656000, 0x00000000f87e5000)
 Metaspace       used 38108K, capacity 38689K, committed 39296K, reserved 1083392K
  class space    used 4671K, capacity 4887K, committed 4992K, reserved 1048576K
}
Event: 7.430 GC heap after
{Heap after GC invocations=37 (full 3):
 def new generation   total 20288K, used 2159K [0x00000000f0a00000, 0x00000000f2000000, 0x00000000f5c00000)
  eden space 18048K,   0% used [0x00000000f0a00000, 0x00000000f0a00000, 0x00000000f1ba0000)
  from space 2240K,  96% used [0x00000000f1ba0000, 0x00000000f1dbbc38, 0x00000000f1dd0000)
  to   space 2240K,   0% used [0x00000000f1dd0000, 0x00000000f1dd0000, 0x00000000f2000000)
 tenured generation   total 44948K, used 28348K [0x00000000f5c00000, 0x00000000f87e5000, 0x0000000100000000)
   the space 44948K,  63% used [0x00000000f5c00000, 0x00000000f77af3b0, 0x00000000f77af400, 0x00000000f87e5000)
 Metaspace       used 38108K, capacity 38689K, committed 39296K, reserved 1083392K
  class space    used 4671K, capacity 4887K, committed 4992K, reserved 1048576K
}
Event: 8.095 GC heap before
{Heap before GC invocations=37 (full 3):
 def new generation   total 20288K, used 20207K [0x00000000f0a00000, 0x00000000f2000000, 0x00000000f5c00000)
  eden space 18048K, 100% used [0x00000000f0a00000, 0x00000000f1ba0000, 0x00000000f1ba0000)
  from space 2240K,  96% used [0x00000000f1ba0000, 0x00000000f1dbbc38, 0x00000000f1dd0000)
  to   space 2240K,   0% used [0x00000000f1dd0000, 0x00000000f1dd0000, 0x00000000f2000000)
 tenured generation   total 44948K, used 28348K [0x00000000f5c00000, 0x00000000f87e5000, 0x0000000100000000)
   the space 44948K,  63% used [0x00000000f5c00000, 0x00000000f77af3b0, 0x00000000f77af400, 0x00000000f87e5000)
 Metaspace       used 40482K, capacity 41123K, committed 41600K, reserved 1085440K
  class space    used 4922K, capacity 5160K, committed 5248K, reserved 1048576K
}
Event: 8.106 GC heap after
{Heap after GC invocations=38 (full 3):
 def new generation   total 20288K, used 2037K [0x00000000f0a00000, 0x00000000f2000000, 0x00000000f5c00000)
  eden space 18048K,   0% used [0x00000000f0a00000, 0x00000000f0a00000, 0x00000000f1ba0000)
  from space 2240K,  90% used [0x00000000f1dd0000, 0x00000000f1fcd718, 0x00000000f2000000)
  to   space 2240K,   0% used [0x00000000f1ba0000, 0x00000000f1ba0000, 0x00000000f1dd0000)
 tenured generation   total 44948K, used 30439K [0x00000000f5c00000, 0x00000000f87e5000, 0x0000000100000000)
   the space 44948K,  67% used [0x00000000f5c00000, 0x00000000f79b9fd8, 0x00000000f79ba000, 0x00000000f87e5000)
 Metaspace       used 40482K, capacity 41123K, committed 41600K, reserved 1085440K
  class space    used 4922K, capacity 5160K, committed 5248K, reserved 1048576K
}
Event: 8.275 GC heap before
{Heap before GC invocations=38 (full 3):
 def new generation   total 20288K, used 20085K [0x00000000f0a00000, 0x00000000f2000000, 0x00000000f5c00000)
  eden space 18048K, 100% used [0x00000000f0a00000, 0x00000000f1ba0000, 0x00000000f1ba0000)
  from space 2240K,  90% used [0x00000000f1dd0000, 0x00000000f1fcd718, 0x00000000f2000000)
  to   space 2240K,   0% used [0x00000000f1ba0000, 0x00000000f1ba0000, 0x00000000f1dd0000)
 tenured generation   total 44948K, used 30439K [0x00000000f5c00000, 0x00000000f87e5000, 0x0000000100000000)
   the space 44948K,  67% used [0x00000000f5c00000, 0x00000000f79b9fd8, 0x00000000f79ba000, 0x00000000f87e5000)
 Metaspace       used 40591K, capacity 41251K, committed 41856K, reserved 1085440K
  class space    used 4922K, capacity 5160K, committed 5248K, reserved 1048576K
}
Event: 8.288 GC heap after
{Heap after GC invocations=39 (full 3):
 def new generation   total 20288K, used 1445K [0x00000000f0a00000, 0x00000000f2000000, 0x00000000f5c00000)
  eden space 18048K,   0% used [0x00000000f0a00000, 0x00000000f0a00000, 0x00000000f1ba0000)
  from space 2240K,  64% used [0x00000000f1ba0000, 0x00000000f1d09468, 0x00000000f1dd0000)
  to   space 2240K,   0% used [0x00000000f1dd0000, 0x00000000f1dd0000, 0x00000000f2000000)
 tenured generation   total 44948K, used 32469K [0x00000000f5c00000, 0x00000000f87e5000, 0x0000000100000000)
   the space 44948K,  72% used [0x00000000f5c00000, 0x00000000f7bb5640, 0x00000000f7bb5800, 0x00000000f87e5000)
 Metaspace       used 40591K, capacity 41251K, committed 41856K, reserved 1085440K
  class space    used 4922K, capacity 5160K, committed 5248K, reserved 1048576K
}
Event: 8.945 GC heap before
{Heap before GC invocations=39 (full 3):
 def new generation   total 20288K, used 19493K [0x00000000f0a00000, 0x00000000f2000000, 0x00000000f5c00000)
  eden space 18048K, 100% used [0x00000000f0a00000, 0x00000000f1ba0000, 0x00000000f1ba0000)
  from space 2240K,  64% used [0x00000000f1ba0000, 0x00000000f1d09468, 0x00000000f1dd0000)
  to   space 2240K,   0% used [0x00000000f1dd0000, 0x00000000f1dd0000, 0x00000000f2000000)
 tenured generation   total 44948K, used 32469K [0x00000000f5c00000, 0x00000000f87e5000, 0x0000000100000000)
   the space 44948K,  72% used [0x00000000f5c00000, 0x00000000f7bb5640, 0x00000000f7bb5800, 0x00000000f87e5000)
 Metaspace       used 41387K, capacity 42045K, committed 42624K, reserved 1087488K
  class space    used 4959K, capacity 5202K, committed 5248K, reserved 1048576K
}
Event: 8.953 GC heap after
{Heap after GC invocations=40 (full 3):
 def new generation   total 20288K, used 2152K [0x00000000f0a00000, 0x00000000f2000000, 0x00000000f5c00000)
  eden space 18048K,   0% used [0x00000000f0a00000, 0x00000000f0a00000, 0x00000000f1ba0000)
  from space 2240K,  96% used [0x00000000f1dd0000, 0x00000000f1fea370, 0x00000000f2000000)
  to   space 2240K,   0% used [0x00000000f1ba0000, 0x00000000f1ba0000, 0x00000000f1dd0000)
 tenured generation   total 44948K, used 32885K [0x00000000f5c00000, 0x00000000f87e5000, 0x0000000100000000)
   the space 44948K,  73% used [0x00000000f5c00000, 0x00000000f7c1d4a8, 0x00000000f7c1d600, 0x00000000f87e5000)
 Metaspace       used 41387K, capacity 42045K, committed 42624K, reserved 1087488K
  class space    used 4959K, capacity 5202K, committed 5248K, reserved 1048576K
}
Event: 9.651 GC heap before
{Heap before GC invocations=40 (full 3):
 def new generation   total 20288K, used 20200K [0x00000000f0a00000, 0x00000000f2000000, 0x00000000f5c00000)
  eden space 18048K, 100% used [0x00000000f0a00000, 0x00000000f1ba0000, 0x00000000f1ba0000)
  from space 2240K,  96% used [0x00000000f1dd0000, 0x00000000f1fea370, 0x00000000f2000000)
  to   space 2240K,   0% used [0x00000000f1ba0000, 0x00000000f1ba0000, 0x00000000f1dd0000)
 tenured generation   total 44948K, used 32885K [0x00000000f5c00000, 0x00000000f87e5000, 0x0000000100000000)
   the space 44948K,  73% used [0x00000000f5c00000, 0x00000000f7c1d4a8, 0x00000000f7c1d600, 0x00000000f87e5000)
 Metaspace       used 44610K, capacity 45274K, committed 45696K, reserved 1089536K
  class space    used 5363K, capacity 5638K, committed 5760K, reserved 1048576K
}
Event: 9.662 GC heap after
{Heap after GC invocations=41 (full 3):
 def new generation   total 20288K, used 2039K [0x00000000f0a00000, 0x00000000f2000000, 0x00000000f5c00000)
  eden space 18048K,   0% used [0x00000000f0a00000, 0x00000000f0a00000, 0x00000000f1ba0000)
  from space 2240K,  91% used [0x00000000f1ba0000, 0x00000000f1d9dec8, 0x00000000f1dd0000)
  to   space 2240K,   0% used [0x00000000f1dd0000, 0x00000000f1dd0000, 0x00000000f2000000)
 tenured generation   total 44948K, used 35027K [0x00000000f5c00000, 0x00000000f87e5000, 0x0000000100000000)
   the space 44948K,  77% used [0x00000000f5c00000, 0x00000000f7e34e90, 0x00000000f7e35000, 0x00000000f87e5000)
 Metaspace       used 44610K, capacity 45274K, committed 45696K, reserved 1089536K
  class space    used 5363K, capacity 5638K, committed 5760K, reserved 1048576K
}
Event: 10.753 GC heap before
{Heap before GC invocations=41 (full 3):
 def new generation   total 20288K, used 20087K [0x00000000f0a00000, 0x00000000f2000000, 0x00000000f5c00000)
  eden space 18048K, 100% used [0x00000000f0a00000, 0x00000000f1ba0000, 0x00000000f1ba0000)
  from space 2240K,  91% used [0x00000000f1ba0000, 0x00000000f1d9dec8, 0x00000000f1dd0000)
  to   space 2240K,   0% used [0x00000000f1dd0000, 0x00000000f1dd0000, 0x00000000f2000000)
 tenured generation   total 44948K, used 35027K [0x00000000f5c00000, 0x00000000f87e5000, 0x0000000100000000)
   the space 44948K,  77% used [0x00000000f5c00000, 0x00000000f7e34e90, 0x00000000f7e35000, 0x00000000f87e5000)
 Metaspace       used 47853K, capacity 48622K, committed 49024K, reserved 1091584K
  class space    used 5689K, capacity 5978K, committed 6016K, reserved 1048576K
}
Event: 10.766 GC heap after
{Heap after GC invocations=42 (full 3):
 def new generation   total 20288K, used 1927K [0x00000000f0a00000, 0x00000000f2000000, 0x00000000f5c00000)
  eden space 18048K,   0% used [0x00000000f0a00000, 0x00000000f0a00000, 0x00000000f1ba0000)
  from space 2240K,  86% used [0x00000000f1dd0000, 0x00000000f1fb1da8, 0x00000000f2000000)
  to   space 2240K,   0% used [0x00000000f1ba0000, 0x00000000f1ba0000, 0x00000000f1dd0000)
 tenured generation   total 44948K, used 37030K [0x00000000f5c00000, 0x00000000f87e5000, 0x0000000100000000)
   the space 44948K,  82% used [0x00000000f5c00000, 0x00000000f80299a0, 0x00000000f8029a00, 0x00000000f87e5000)
 Metaspace       used 47853K, capacity 48622K, committed 49024K, reserved 1091584K
  class space    used 5689K, capacity 5978K, committed 6016K, reserved 1048576K
}
Event: 11.654 GC heap before
{Heap before GC invocations=42 (full 3):
 def new generation   total 20288K, used 19975K [0x00000000f0a00000, 0x00000000f2000000, 0x00000000f5c00000)
  eden space 18048K, 100% used [0x00000000f0a00000, 0x00000000f1ba0000, 0x00000000f1ba0000)
  from space 2240K,  86% used [0x00000000f1dd0000, 0x00000000f1fb1da8, 0x00000000f2000000)
  to   space 2240K,   0% used [0x00000000f1ba0000, 0x00000000f1ba0000, 0x00000000f1dd0000)
 tenured generation   total 44948K, used 37030K [0x00000000f5c00000, 0x00000000f87e5000, 0x0000000100000000)
   the space 44948K,  82% used [0x00000000f5c00000, 0x00000000f80299a0, 0x00000000f8029a00, 0x00000000f87e5000)
 Metaspace       used 49242K, capacity 49964K, committed 50176K, reserved 1093632K
  class space    used 5799K, capacity 6084K, committed 6144K, reserved 1048576K
}
Event: 11.678 GC heap after
{Heap after GC invocations=43 (full 3):
 def new generation   total 20288K, used 2240K [0x00000000f0a00000, 0x00000000f2000000, 0x00000000f5c00000)
  eden space 18048K,   0% used [0x00000000f0a00000, 0x00000000f0a00000, 0x00000000f1ba0000)
  from space 2240K, 100% used [0x00000000f1ba0000, 0x00000000f1dd0000, 0x00000000f1dd0000)
  to   space 2240K,   0% used [0x00000000f1dd0000, 0x00000000f1dd0000, 0x00000000f2000000)
 tenured generation   total 44948K, used 39293K [0x00000000f5c00000, 0x00000000f87e5000, 0x0000000100000000)
   the space 44948K,  87% used [0x00000000f5c00000, 0x00000000f825f688, 0x00000000f825f800, 0x00000000f87e5000)
 Metaspace       used 49242K, capacity 49964K, committed 50176K, reserved 1093632K
  class space    used 5799K, capacity 6084K, committed 6144K, reserved 1048576K
}
Event: 12.630 GC heap before
{Heap before GC invocations=43 (full 3):
 def new generation   total 20288K, used 20288K [0x00000000f0a00000, 0x00000000f2000000, 0x00000000f5c00000)
  eden space 18048K, 100% used [0x00000000f0a00000, 0x00000000f1ba0000, 0x00000000f1ba0000)
  from space 2240K, 100% used [0x00000000f1ba0000, 0x00000000f1dd0000, 0x00000000f1dd0000)
  to   space 2240K,   0% used [0x00000000f1dd0000, 0x00000000f1dd0000, 0x00000000f2000000)
 tenured generation   total 44948K, used 39293K [0x00000000f5c00000, 0x00000000f87e5000, 0x0000000100000000)
   the space 44948K,  87% used [0x00000000f5c00000, 0x00000000f825f688, 0x00000000f825f800, 0x00000000f87e5000)
 Metaspace       used 50023K, capacity 50783K, committed 50944K, reserved 1093632K
  class space    used 5840K, capacity 6122K, committed 6144K, reserved 1048576K
}
Event: 12.660 GC heap after
{Heap after GC invocations=44 (full 3):
 def new generation   total 20288K, used 2240K [0x00000000f0a00000, 0x00000000f2000000, 0x00000000f5c00000)
  eden space 18048K,   0% used [0x00000000f0a00000, 0x00000000f0a00000, 0x00000000f1ba0000)
  from space 2240K, 100% used [0x00000000f1dd0000, 0x00000000f2000000, 0x00000000f2000000)
  to   space 2240K,   0% used [0x00000000f1ba0000, 0x00000000f1ba0000, 0x00000000f1dd0000)
 tenured generation   total 44948K, used 41759K [0x00000000f5c00000, 0x00000000f87e5000, 0x0000000100000000)
   the space 44948K,  92% used [0x00000000f5c00000, 0x00000000f84c7cc8, 0x00000000f84c7e00, 0x00000000f87e5000)
 Metaspace       used 50023K, capacity 50783K, committed 50944K, reserved 1093632K
  class space    used 5840K, capacity 6122K, committed 6144K, reserved 1048576K
}
Event: 13.627 GC heap before
{Heap before GC invocations=44 (full 3):
 def new generation   total 20288K, used 19278K [0x00000000f0a00000, 0x00000000f2000000, 0x00000000f5c00000)
  eden space 18048K,  94% used [0x00000000f0a00000, 0x00000000f1aa3938, 0x00000000f1ba0000)
  from space 2240K, 100% used [0x00000000f1dd0000, 0x00000000f2000000, 0x00000000f2000000)
  to   space 2240K,   0% used [0x00000000f1ba0000, 0x00000000f1ba0000, 0x00000000f1dd0000)
 tenured generation   total 44948K, used 41759K [0x00000000f5c00000, 0x00000000f87e5000, 0x0000000100000000)
   the space 44948K,  92% used [0x00000000f5c00000, 0x00000000f84c7cc8, 0x00000000f84c7e00, 0x00000000f87e5000)
 Metaspace       used 51397K, capacity 52125K, committed 52268K, reserved 1095680K
  class space    used 5968K, capacity 6269K, committed 6272K, reserved 1048576K
}

