# JRE version: OpenJDK Runtime Environment 18.9 (11.0.12+7) (build 11.0.12+7-LTS)
# Java VM: OpenJDK 64-Bit Server VM 18.9 (11.0.12+7-LTS, mixed mode, sharing, tiered, compressed oops, serial gc, linux-amd64)
Heap:
 def new generation   total 20288K, used 0K [0x00000000f0a00000, 0x00000000f2000000, 0x00000000f5c00000)
  eden space 18048K,   0% used [0x00000000f0a00000, 0x00000000f0a00000, 0x00000000f1ba0000)
  from space 2240K,   0% used [0x00000000f1ba0000, 0x00000000f1ba0000, 0x00000000f1dd0000)
  to   space 2240K,   0% used [0x00000000f1dd0000, 0x00000000f1dd0000, 0x00000000f2000000)
 tenured generation   total 44968K, used 44583K [0x00000000f5c00000, 0x00000000f87ea000, 0x0000000100000000)
   the space 44968K,  99% used [0x00000000f5c00000, 0x00000000f8789e00, 0x00000000f8789e00, 0x00000000f87ea000)
 Metaspace       used 51326K, capacity 52061K, committed 52268K, reserved 1095680K
  class space    used 5977K, capacity 6269K, committed 6272K, reserved 1048576K
GC Heap History (20 events):
Event: 6.335 GC heap after
{Heap after GC invocations=36 (full 3):
 def new generation   total 20288K, used 1956K [0x00000000f0a00000, 0x00000000f2000000, 0x00000000f5c00000)
  eden space 18048K,   0% used [0x00000000f0a00000, 0x00000000f0a00000, 0x00000000f1ba0000)
  from space 2240K,  87% used [0x00000000f1dd0000, 0x00000000f1fb92d0, 0x00000000f2000000)
  to   space 2240K,   0% used [0x00000000f1ba0000, 0x00000000f1ba0000, 0x00000000f1dd0000)
 tenured generation   total 44968K, used 26979K [0x00000000f5c00000, 0x00000000f87ea000, 0x0000000100000000)
   the space 44968K,  59% used [0x00000000f5c00000, 0x00000000f7658e48, 0x00000000f7659000, 0x00000000f87ea000)
 Metaspace       used 33729K, capacity 34280K, committed 34816K, reserved 1079296K
  class space    used 4148K, capacity 4341K, committed 4352K, reserved 1048576K
}
Event: 7.359 GC heap before
{Heap before GC invocations=36 (full 3):
 def new generation   total 20288K, used 20004K [0x00000000f0a00000, 0x00000000f2000000, 0x00000000f5c00000)
  eden space 18048K, 100% used [0x00000000f0a00000, 0x00000000f1ba0000, 0x00000000f1ba0000)
  from space 2240K,  87% used [0x00000000f1dd0000, 0x00000000f1fb92d0, 0x00000000f2000000)
  to   space 2240K,   0% used [0x00000000f1ba0000, 0x00000000f1ba0000, 0x00000000f1dd0000)
 tenured generation   total 44968K, used 26979K [0x00000000f5c00000, 0x00000000f87ea000, 0x0000000100000000)
   the space 44968K,  59% used [0x00000000f5c00000, 0x00000000f7658e48, 0x00000000f7659000, 0x00000000f87ea000)
 Metaspace       used 38126K, capacity 38754K, committed 39296K, reserved 1083392K
  class space    used 4667K, capacity 4887K, committed 4992K, reserved 1048576K
}
Event: 7.387 GC heap after
{Heap after GC invocations=37 (full 3):
 def new generation   total 20288K, used 2148K [0x00000000f0a00000, 0x00000000f2000000, 0x00000000f5c00000)
  eden space 18048K,   0% used [0x00000000f0a00000, 0x00000000f0a00000, 0x00000000f1ba0000)
  from space 2240K,  95% used [0x00000000f1ba0000, 0x00000000f1db9320, 0x00000000f1dd0000)
  to   space 2240K,   0% used [0x00000000f1dd0000, 0x00000000f1dd0000, 0x00000000f2000000)
 tenured generation   total 44968K, used 28361K [0x00000000f5c00000, 0x00000000f87ea000, 0x0000000100000000)
   the space 44968K,  63% used [0x00000000f5c00000, 0x00000000f77b2650, 0x00000000f77b2800, 0x00000000f87ea000)
 Metaspace       used 38126K, capacity 38754K, committed 39296K, reserved 1083392K
  class space    used 4667K, capacity 4887K, committed 4992K, reserved 1048576K
}
Event: 8.059 GC heap before
{Heap before GC invocations=37 (full 3):
 def new generation   total 20288K, used 20196K [0x00000000f0a00000, 0x00000000f2000000, 0x00000000f5c00000)
  eden space 18048K, 100% used [0x00000000f0a00000, 0x00000000f1ba0000, 0x00000000f1ba0000)
  from space 2240K,  95% used [0x00000000f1ba0000, 0x00000000f1db9320, 0x00000000f1dd0000)
  to   space 2240K,   0% used [0x00000000f1dd0000, 0x00000000f1dd0000, 0x00000000f2000000)
 tenured generation   total 44968K, used 28361K [0x00000000f5c00000, 0x00000000f87ea000, 0x0000000100000000)
   the space 44968K,  63% used [0x00000000f5c00000, 0x00000000f77b2650, 0x00000000f77b2800, 0x00000000f87ea000)
 Metaspace       used 40496K, capacity 41188K, committed 41600K, reserved 1085440K
  class space    used 4917K, capacity 5160K, committed 5248K, reserved 1048576K
}
Event: 8.073 GC heap after
{Heap after GC invocations=38 (full 3):
 def new generation   total 20288K, used 2062K [0x00000000f0a00000, 0x00000000f2000000, 0x00000000f5c00000)
  eden space 18048K,   0% used [0x00000000f0a00000, 0x00000000f0a00000, 0x00000000f1ba0000)
  from space 2240K,  92% used [0x00000000f1dd0000, 0x00000000f1fd38d0, 0x00000000f2000000)
  to   space 2240K,   0% used [0x00000000f1ba0000, 0x00000000f1ba0000, 0x00000000f1dd0000)
 tenured generation   total 44968K, used 30454K [0x00000000f5c00000, 0x00000000f87ea000, 0x0000000100000000)
   the space 44968K,  67% used [0x00000000f5c00000, 0x00000000f79bdba8, 0x00000000f79bdc00, 0x00000000f87ea000)
 Metaspace       used 40496K, capacity 41188K, committed 41600K, reserved 1085440K
  class space    used 4917K, capacity 5160K, committed 5248K, reserved 1048576K
}
Event: 8.239 GC heap before
{Heap before GC invocations=38 (full 3):
 def new generation   total 20288K, used 20110K [0x00000000f0a00000, 0x00000000f2000000, 0x00000000f5c00000)
  eden space 18048K, 100% used [0x00000000f0a00000, 0x00000000f1ba0000, 0x00000000f1ba0000)
  from space 2240K,  92% used [0x00000000f1dd0000, 0x00000000f1fd38d0, 0x00000000f2000000)
  to   space 2240K,   0% used [0x00000000f1ba0000, 0x00000000f1ba0000, 0x00000000f1dd0000)
 tenured generation   total 44968K, used 30454K [0x00000000f5c00000, 0x00000000f87ea000, 0x0000000100000000)
   the space 44968K,  67% used [0x00000000f5c00000, 0x00000000f79bdba8, 0x00000000f79bdc00, 0x00000000f87ea000)
 Metaspace       used 40592K, capacity 41252K, committed 41600K, reserved 1085440K
  class space    used 4917K, capacity 5160K, committed 5248K, reserved 1048576K
}
Event: 8.246 GC heap after
{Heap after GC invocations=39 (full 3):
 def new generation   total 20288K, used 1357K [0x00000000f0a00000, 0x00000000f2000000, 0x00000000f5c00000)
  eden space 18048K,   0% used [0x00000000f0a00000, 0x00000000f0a00000, 0x00000000f1ba0000)
  from space 2240K,  60% used [0x00000000f1ba0000, 0x00000000f1cf34e8, 0x00000000f1dd0000)
  to   space 2240K,   0% used [0x00000000f1dd0000, 0x00000000f1dd0000, 0x00000000f2000000)
 tenured generation   total 44968K, used 32453K [0x00000000f5c00000, 0x00000000f87ea000, 0x0000000100000000)
   the space 44968K,  72% used [0x00000000f5c00000, 0x00000000f7bb14f8, 0x00000000f7bb1600, 0x00000000f87ea000)
 Metaspace       used 40592K, capacity 41252K, committed 41600K, reserved 1085440K
  class space    used 4917K, capacity 5160K, committed 5248K, reserved 1048576K
}
Event: 8.929 GC heap before
{Heap before GC invocations=39 (full 3):
 def new generation   total 20288K, used 19405K [0x00000000f0a00000, 0x00000000f2000000, 0x00000000f5c00000)
  eden space 18048K, 100% used [0x00000000f0a00000, 0x00000000f1ba0000, 0x00000000f1ba0000)
  from space 2240K,  60% used [0x00000000f1ba0000, 0x00000000f1cf34e8, 0x00000000f1dd0000)
  to   space 2240K,   0% used [0x00000000f1dd0000, 0x00000000f1dd0000, 0x00000000f2000000)
 tenured generation   total 44968K, used 32453K [0x00000000f5c00000, 0x00000000f87ea000, 0x0000000100000000)
   the space 44968K,  72% used [0x00000000f5c00000, 0x00000000f7bb14f8, 0x00000000f7bb1600, 0x00000000f87ea000)
 Metaspace       used 41505K, capacity 42174K, committed 42624K, reserved 1087488K
  class space    used 4955K, capacity 5202K, committed 5248K, reserved 1048576K
}
Event: 8.938 GC heap after
{Heap after GC invocations=40 (full 3):
 def new generation   total 20288K, used 2002K [0x00000000f0a00000, 0x00000000f2000000, 0x00000000f5c00000)
  eden space 18048K,   0% used [0x00000000f0a00000, 0x00000000f0a00000, 0x00000000f1ba0000)
  from space 2240K,  89% used [0x00000000f1dd0000, 0x00000000f1fc4a08, 0x00000000f2000000)
  to   space 2240K,   0% used [0x00000000f1ba0000, 0x00000000f1ba0000, 0x00000000f1dd0000)
 tenured generation   total 44968K, used 32896K [0x00000000f5c00000, 0x00000000f87ea000, 0x0000000100000000)
   the space 44968K,  73% used [0x00000000f5c00000, 0x00000000f7c20128, 0x00000000f7c20200, 0x00000000f87ea000)
 Metaspace       used 41505K, capacity 42174K, committed 42624K, reserved 1087488K
  class space    used 4955K, capacity 5202K, committed 5248K, reserved 1048576K
}
Event: 9.642 GC heap before
{Heap before GC invocations=40 (full 3):
 def new generation   total 20288K, used 20050K [0x00000000f0a00000, 0x00000000f2000000, 0x00000000f5c00000)
  eden space 18048K, 100% used [0x00000000f0a00000, 0x00000000f1ba0000, 0x00000000f1ba0000)
  from space 2240K,  89% used [0x00000000f1dd0000, 0x00000000f1fc4a08, 0x00000000f2000000)
  to   space 2240K,   0% used [0x00000000f1ba0000, 0x00000000f1ba0000, 0x00000000f1dd0000)
 tenured generation   total 44968K, used 32896K [0x00000000f5c00000, 0x00000000f87ea000, 0x0000000100000000)
   the space 44968K,  73% used [0x00000000f5c00000, 0x00000000f7c20128, 0x00000000f7c20200, 0x00000000f87ea000)
 Metaspace       used 44562K, capacity 45270K, committed 45696K, reserved 1089536K
  class space    used 5346K, capacity 5637K, committed 5760K, reserved 1048576K
}
Event: 9.662 GC heap after
{Heap after GC invocations=41 (full 3):
 def new generation   total 20288K, used 1719K [0x00000000f0a00000, 0x00000000f2000000, 0x00000000f5c00000)
  eden space 18048K,   0% used [0x00000000f0a00000, 0x00000000f0a00000, 0x00000000f1ba0000)
  from space 2240K,  76% used [0x00000000f1ba0000, 0x00000000f1d4ddd0, 0x00000000f1dd0000)
  to   space 2240K,   0% used [0x00000000f1dd0000, 0x00000000f1dd0000, 0x00000000f2000000)
 tenured generation   total 44968K, used 34894K [0x00000000f5c00000, 0x00000000f87ea000, 0x0000000100000000)
   the space 44968K,  77% used [0x00000000f5c00000, 0x00000000f7e13a98, 0x00000000f7e13c00, 0x00000000f87ea000)
 Metaspace       used 44562K, capacity 45270K, committed 45696K, reserved 1089536K
  class space    used 5346K, capacity 5637K, committed 5760K, reserved 1048576K
}
Event: 10.879 GC heap before
{Heap before GC invocations=41 (full 3):
 def new generation   total 20288K, used 19767K [0x00000000f0a00000, 0x00000000f2000000, 0x00000000f5c00000)
  eden space 18048K, 100% used [0x00000000f0a00000, 0x00000000f1ba0000, 0x00000000f1ba0000)
  from space 2240K,  76% used [0x00000000f1ba0000, 0x00000000f1d4ddd0, 0x00000000f1dd0000)
  to   space 2240K,   0% used [0x00000000f1dd0000, 0x00000000f1dd0000, 0x00000000f2000000)
 tenured generation   total 44968K, used 34894K [0x00000000f5c00000, 0x00000000f87ea000, 0x0000000100000000)
   the space 44968K,  77% used [0x00000000f5c00000, 0x00000000f7e13a98, 0x00000000f7e13c00, 0x00000000f87ea000)
 Metaspace       used 47640K, capacity 48388K, committed 48768K, reserved 1091584K
  class space    used 5659K, capacity 5943K, committed 6016K, reserved 1048576K
}
Event: 10.896 GC heap after
{Heap after GC invocations=42 (full 3):
 def new generation   total 20288K, used 2100K [0x00000000f0a00000, 0x00000000f2000000, 0x00000000f5c00000)
  eden space 18048K,   0% used [0x00000000f0a00000, 0x00000000f0a00000, 0x00000000f1ba0000)
  from space 2240K,  93% used [0x00000000f1dd0000, 0x00000000f1fdd190, 0x00000000f2000000)
  to   space 2240K,   0% used [0x00000000f1ba0000, 0x00000000f1ba0000, 0x00000000f1dd0000)
 tenured generation   total 44968K, used 36600K [0x00000000f5c00000, 0x00000000f87ea000, 0x0000000100000000)
   the space 44968K,  81% used [0x00000000f5c00000, 0x00000000f7fbe3e8, 0x00000000f7fbe400, 0x00000000f87ea000)
 Metaspace       used 47640K, capacity 48388K, committed 48768K, reserved 1091584K
  class space    used 5659K, capacity 5943K, committed 6016K, reserved 1048576K
}
Event: 11.905 GC heap before
{Heap before GC invocations=42 (full 3):
 def new generation   total 20288K, used 20148K [0x00000000f0a00000, 0x00000000f2000000, 0x00000000f5c00000)
  eden space 18048K, 100% used [0x00000000f0a00000, 0x00000000f1ba0000, 0x00000000f1ba0000)
  from space 2240K,  93% used [0x00000000f1dd0000, 0x00000000f1fdd190, 0x00000000f2000000)
  to   space 2240K,   0% used [0x00000000f1ba0000, 0x00000000f1ba0000, 0x00000000f1dd0000)
 tenured generation   total 44968K, used 36600K [0x00000000f5c00000, 0x00000000f87ea000, 0x0000000100000000)
   the space 44968K,  81% used [0x00000000f5c00000, 0x00000000f7fbe3e8, 0x00000000f7fbe400, 0x00000000f87ea000)
 Metaspace       used 48999K, capacity 49734K, committed 50176K, reserved 1093632K
  class space    used 5773K, capacity 6050K, committed 6144K, reserved 1048576K
}
Event: 11.928 GC heap after
{Heap after GC invocations=43 (full 3):
 def new generation   total 20288K, used 2240K [0x00000000f0a00000, 0x00000000f2000000, 0x00000000f5c00000)
  eden space 18048K,   0% used [0x00000000f0a00000, 0x00000000f0a00000, 0x00000000f1ba0000)
  from space 2240K, 100% used [0x00000000f1ba0000, 0x00000000f1dd0000, 0x00000000f1dd0000)
  to   space 2240K,   0% used [0x00000000f1dd0000, 0x00000000f1dd0000, 0x00000000f2000000)
 tenured generation   total 44968K, used 38760K [0x00000000f5c00000, 0x00000000f87ea000, 0x0000000100000000)
   the space 44968K,  86% used [0x00000000f5c00000, 0x00000000f81da348, 0x00000000f81da400, 0x00000000f87ea000)
 Metaspace       used 48999K, capacity 49734K, committed 50176K, reserved 1093632K
  class space    used 5773K, capacity 6050K, committed 6144K, reserved 1048576K
}
Event: 13.013 GC heap before
{Heap before GC invocations=43 (full 3):
 def new generation   total 20288K, used 20288K [0x00000000f0a00000, 0x00000000f2000000, 0x00000000f5c00000)
  eden space 18048K, 100% used [0x00000000f0a00000, 0x00000000f1ba0000, 0x00000000f1ba0000)
  from space 2240K, 100% used [0x00000000f1ba0000, 0x00000000f1dd0000, 0x00000000f1dd0000)
  to   space 2240K,   0% used [0x00000000f1dd0000, 0x00000000f1dd0000, 0x00000000f2000000)
 tenured generation   total 44968K, used 38760K [0x00000000f5c00000, 0x00000000f87ea000, 0x0000000100000000)
   the space 44968K,  86% used [0x00000000f5c00000, 0x00000000f81da348, 0x00000000f81da400, 0x00000000f87ea000)
 Metaspace       used 50001K, capacity 50783K, committed 51200K, reserved 1093632K
  class space    used 5838K, capacity 6122K, committed 6144K, reserved 1048576K
}
Event: 13.055 GC heap after
{Heap after GC invocations=44 (full 3):
 def new generation   total 20288K, used 2240K [0x00000000f0a00000, 0x00000000f2000000, 0x00000000f5c00000)
  eden space 18048K,   0% used [0x00000000f0a00000, 0x00000000f0a00000, 0x00000000f1ba0000)
  from space 2240K, 100% used [0x00000000f1dd0000, 0x00000000f2000000, 0x00000000f2000000)
  to   space 2240K,   0% used [0x00000000f1ba0000, 0x00000000f1ba0000, 0x00000000f1dd0000)
 tenured generation   total 44968K, used 41321K [0x00000000f5c00000, 0x00000000f87ea000, 0x0000000100000000)
   the space 44968K,  91% used [0x00000000f5c00000, 0x00000000f845a700, 0x00000000f845a800, 0x00000000f87ea000)
 Metaspace       used 50001K, capacity 50783K, committed 51200K, reserved 1093632K
  class space    used 5838K, capacity 6122K, committed 6144K, reserved 1048576K
}
Event: 28.667 GC heap before
{Heap before GC invocations=44 (full 3):
 def new generation   total 20288K, used 20288K [0x00000000f0a00000, 0x00000000f2000000, 0x00000000f5c00000)
  eden space 18048K, 100% used [0x00000000f0a00000, 0x00000000f1ba0000, 0x00000000f1ba0000)
  from space 2240K, 100% used [0x00000000f1dd0000, 0x00000000f2000000, 0x00000000f2000000)
  to   space 2240K,   0% used [0x00000000f1ba0000, 0x00000000f1ba0000, 0x00000000f1dd0000)
 tenured generation   total 44968K, used 41321K [0x00000000f5c00000, 0x00000000f87ea000, 0x0000000100000000)
   the space 44968K,  91% used [0x00000000f5c00000, 0x00000000f845a700, 0x00000000f845a800, 0x00000000f87ea000)
 Metaspace       used 51160K, capacity 51932K, committed 52268K, reserved 1095680K
  class space    used 5958K, capacity 6269K, committed 6272K, reserved 1048576K
}
Event: 28.690 GC heap after
{Heap after GC invocations=45 (full 3):
 def new generation   total 20288K, used 1982K [0x00000000f0a00000, 0x00000000f2000000, 0x00000000f5c00000)
  eden space 18048K,   0% used [0x00000000f0a00000, 0x00000000f0a00000, 0x00000000f1ba0000)
  from space 2240K,  88% used [0x00000000f1ba0000, 0x00000000f1d8f918, 0x00000000f1dd0000)
  to   space 2240K,   0% used [0x00000000f1dd0000, 0x00000000f1dd0000, 0x00000000f2000000)
 tenured generation   total 44968K, used 43540K [0x00000000f5c00000, 0x00000000f87ea000, 0x0000000100000000)
   the space 44968K,  96% used [0x00000000f5c00000, 0x00000000f86853f8, 0x00000000f8685400, 0x00000000f87ea000)
 Metaspace       used 51160K, capacity 51932K, committed 52268K, reserved 1095680K
  class space    used 5958K, capacity 6269K, committed 6272K, reserved 1048576K
}
Event: 28.811 GC heap before
{Heap before GC invocations=45 (full 3):
 def new generation   total 20288K, used 5222K [0x00000000f0a00000, 0x00000000f2000000, 0x00000000f5c00000)
  eden space 18048K,  17% used [0x00000000f0a00000, 0x00000000f0d2a1a0, 0x00000000f1ba0000)
  from space 2240K,  88% used [0x00000000f1ba0000, 0x00000000f1d8f918, 0x00000000f1dd0000)
  to   space 2240K,   0% used [0x00000000f1dd0000, 0x00000000f1dd0000, 0x00000000f2000000)
 tenured generation   total 44968K, used 43540K [0x00000000f5c00000, 0x00000000f87ea000, 0x0000000100000000)
   the space 44968K,  96% used [0x00000000f5c00000, 0x00000000f86853f8, 0x00000000f8685400, 0x00000000f87ea000)
 Metaspace       used 51326K, capacity 52061K, committed 52268K, reserved 1095680K
  class space    used 5977K, capacity 6269K, committed 6272K, reserved 1048576K
}

